PLINK v1.90b6.21 64-bit (19 Oct 2020)
Options in effect:
  --bfile obs_ngs
  --geno 0.1
  --hwe 1e-6
  --maf 0.05
  --make-bed
  --out obs_ngs.QC
  --write-snplist

Hostname: usth-login.cluster
Working directory: /work/users/minhnth/projects/HDRP/data/obesity
Start time: Sat Mar 23 15:55:02 2024

Random number seed: 1711184102
128365 MB RAM detected; reserving 64182 MB for main workspace.
605 variants loaded from .bim file.
139 people (88 males, 51 females) loaded from .fam.
139 phenotype values loaded from .fam.
Using 1 thread (no multithreaded calculations invoked).
Before main variant filters, 139 founders and 0 nonfounders present.
Calculating allele frequencies... done.
Warning: 1 het. haploid genotype present (see obs_ngs.QC.hh ); many commands
treat these as missing.
Total genotyping rate is 0.336548.
413 variants removed due to missing genotype data (--geno).
--hwe: 0 variants removed due to Hardy-Weinberg exact test.
57 variants removed due to minor allele threshold(s)
(--maf/--max-maf/--mac/--max-mac).
135 variants and 139 people pass filters and QC.
Among remaining phenotypes, 75 are cases and 64 are controls.
List of variant IDs written to obs_ngs.QC.snplist .
--make-bed to obs_ngs.QC.bed + obs_ngs.QC.bim + obs_ngs.QC.fam ... done.

End time: Sat Mar 23 15:55:02 2024
